2025-05-13 16:30:27,562 - INFO - root - Logging initialized
2025-05-13 16:30:40,935 - INFO - root - Logging initialized
2025-05-13 16:30:41,310 - INFO - werkzeug - [31m[1mWARNING: This is a development server. Do not use it in a production deployment. Use a production WSGI server instead.[0m
 * Running on http://127.0.0.1:5000
2025-05-13 16:30:41,311 - INFO - werkzeug - [33mPress CTRL+C to quit[0m
2025-05-13 16:30:41,313 - INFO - werkzeug -  * Restarting with stat
2025-05-13 16:30:42,343 - INFO - root - Logging initialized
2025-05-13 16:30:42,558 - WARNING - werkzeug -  * Debugger is active!
2025-05-13 16:30:42,561 - INFO - werkzeug -  * Debugger PIN: 642-335-336
2025-05-13 16:36:19,509 - INFO - werkzeug -  * Detected change in 'C:\\PythonWorkspace\\frs\\backend\\app.py', reloading
2025-05-13 16:36:19,771 - INFO - werkzeug -  * Restarting with stat
2025-05-13 16:36:21,140 - INFO - root - Logging initialized
2025-05-13 16:36:21,469 - WARNING - werkzeug -  * Debugger is active!
2025-05-13 16:36:21,473 - INFO - werkzeug -  * Debugger PIN: 642-335-336
2025-05-13 17:20:48,227 - INFO - werkzeug - 127.0.0.1 - - [13/May/2025 17:20:48] "[32mPOST /api/flights HTTP/1.1[0m" 308 -
2025-05-13 17:20:48,235 - INFO - werkzeug - 127.0.0.1 - - [13/May/2025 17:20:48] "[31m[1mPOST /api/flights/ HTTP/1.1[0m" 401 -
2025-05-13 17:20:58,572 - INFO - backend.routes.auth_routes - Login attempt for email: bob@gmail.com
2025-05-13 17:20:58,574 - INFO - backend.services.auth_service - Login attempt for email: bob@gmail.com
2025-05-13 17:20:58,805 - INFO - backend.services.auth_service - Login successful for bob@gmail.com
2025-05-13 17:20:58,808 - INFO - werkzeug - 127.0.0.1 - - [13/May/2025 17:20:58] "POST /api/auth/login HTTP/1.1" 200 -
2025-05-13 17:21:03,766 - INFO - werkzeug - 127.0.0.1 - - [13/May/2025 17:21:03] "[32mPOST /api/flights HTTP/1.1[0m" 308 -
2025-05-13 17:21:03,788 - INFO - werkzeug - 127.0.0.1 - - [13/May/2025 17:21:03] "[35m[1mPOST /api/flights/ HTTP/1.1[0m" 500 -
2025-05-13 17:23:14,803 - INFO - werkzeug -  * Detected change in 'C:\\PythonWorkspace\\frs\\backend\\services\\flight_service.py', reloading
2025-05-13 17:23:15,024 - INFO - werkzeug -  * Restarting with stat
2025-05-13 17:23:16,674 - INFO - root - Logging initialized
2025-05-13 17:23:17,141 - WARNING - werkzeug -  * Debugger is active!
2025-05-13 17:23:17,153 - INFO - werkzeug -  * Debugger PIN: 642-335-336
2025-05-13 17:23:26,649 - INFO - werkzeug -  * Detected change in 'C:\\PythonWorkspace\\frs\\backend\\services\\flight_service.py', reloading
2025-05-13 17:23:26,903 - INFO - werkzeug -  * Restarting with stat
2025-05-13 17:23:29,581 - INFO - root - Logging initialized
2025-05-13 17:23:29,888 - WARNING - werkzeug -  * Debugger is active!
2025-05-13 17:23:29,891 - INFO - werkzeug -  * Debugger PIN: 642-335-336
2025-05-13 17:23:38,095 - INFO - werkzeug - 127.0.0.1 - - [13/May/2025 17:23:38] "[32mPOST /api/flights HTTP/1.1[0m" 308 -
2025-05-13 17:23:38,104 - INFO - werkzeug - 127.0.0.1 - - [13/May/2025 17:23:38] "[35m[1mPOST /api/flights/ HTTP/1.1[0m" 500 -
2025-05-13 17:23:49,967 - INFO - root - Logging initialized
2025-05-13 17:23:50,179 - INFO - werkzeug - [31m[1mWARNING: This is a development server. Do not use it in a production deployment. Use a production WSGI server instead.[0m
 * Running on http://127.0.0.1:5000
2025-05-13 17:23:50,179 - INFO - werkzeug - [33mPress CTRL+C to quit[0m
2025-05-13 17:23:50,189 - INFO - werkzeug -  * Restarting with stat
2025-05-13 17:23:51,328 - INFO - root - Logging initialized
2025-05-13 17:23:51,547 - WARNING - werkzeug -  * Debugger is active!
2025-05-13 17:23:51,551 - INFO - werkzeug -  * Debugger PIN: 642-335-336
2025-05-13 17:26:56,275 - INFO - werkzeug -  * Detected change in 'C:\\PythonWorkspace\\frs\\backend\\services\\flight_service.py', reloading
2025-05-13 17:26:56,458 - INFO - werkzeug -  * Restarting with stat
2025-05-13 17:28:27,890 - INFO - root - Logging initialized
2025-05-13 17:28:28,186 - INFO - werkzeug - [31m[1mWARNING: This is a development server. Do not use it in a production deployment. Use a production WSGI server instead.[0m
 * Running on http://127.0.0.1:5000
2025-05-13 17:28:28,187 - INFO - werkzeug - [33mPress CTRL+C to quit[0m
2025-05-13 17:28:28,194 - INFO - werkzeug -  * Restarting with stat
2025-05-13 17:28:29,611 - INFO - root - Logging initialized
2025-05-13 17:28:29,854 - WARNING - werkzeug -  * Debugger is active!
2025-05-13 17:28:29,857 - INFO - werkzeug -  * Debugger PIN: 642-335-336
2025-05-13 17:28:33,609 - INFO - werkzeug - 127.0.0.1 - - [13/May/2025 17:28:33] "[32mPOST /api/flights HTTP/1.1[0m" 308 -
2025-05-13 17:28:33,630 - INFO - werkzeug - 127.0.0.1 - - [13/May/2025 17:28:33] "[35m[1mPOST /api/flights/ HTTP/1.1[0m" 500 -
2025-05-13 17:32:53,173 - INFO - werkzeug -  * Detected change in 'C:\\PythonWorkspace\\frs\\backend\\services\\flight_service.py', reloading
2025-05-13 17:32:53,525 - INFO - werkzeug -  * Restarting with stat
2025-05-13 17:32:57,764 - INFO - root - Logging initialized
2025-05-13 17:32:58,323 - WARNING - werkzeug -  * Debugger is active!
2025-05-13 17:32:58,328 - INFO - werkzeug -  * Debugger PIN: 642-335-336
2025-05-13 17:32:58,453 - INFO - werkzeug - 127.0.0.1 - - [13/May/2025 17:32:58] "[32mPOST /api/flights HTTP/1.1[0m" 308 -
2025-05-13 17:32:58,477 - INFO - werkzeug - 127.0.0.1 - - [13/May/2025 17:32:58] "[35m[1mPOST /api/flights/ HTTP/1.1[0m" 500 -
2025-05-13 17:41:51,704 - INFO - werkzeug -  * Detected change in 'C:\\PythonWorkspace\\frs\\backend\\services\\flight_service.py', reloading
2025-05-13 17:41:51,952 - INFO - werkzeug -  * Restarting with stat
2025-05-13 17:41:53,730 - INFO - root - Logging initialized
2025-05-13 17:41:54,020 - WARNING - werkzeug -  * Debugger is active!
2025-05-13 17:41:54,023 - INFO - werkzeug -  * Debugger PIN: 642-335-336
2025-05-13 17:42:09,109 - INFO - werkzeug -  * Detected change in 'C:\\PythonWorkspace\\frs\\backend\\services\\flight_service.py', reloading
2025-05-13 17:42:09,502 - INFO - werkzeug -  * Restarting with stat
2025-05-13 17:42:11,048 - INFO - root - Logging initialized
2025-05-13 17:42:11,358 - WARNING - werkzeug -  * Debugger is active!
2025-05-13 17:42:11,362 - INFO - werkzeug -  * Debugger PIN: 642-335-336
2025-05-13 17:42:20,742 - INFO - werkzeug -  * Detected change in 'C:\\PythonWorkspace\\frs\\backend\\services\\flight_service.py', reloading
2025-05-13 17:42:20,940 - INFO - werkzeug -  * Restarting with stat
